TN:
SF:playwright.config.js
FNF:0
FNH:0
DA:2,5
DA:13,5
LF:2
LH:2
BRDA:20,0,0,0
BRDA:20,0,1,5
BRDA:22,1,0,0
BRDA:22,1,1,5
BRF:4
BRH:2
end_of_record
TN:
SF:pageObjects\CartPage.js
FN:4,(anonymous_0)
FN:12,(anonymous_1)
FN:19,(anonymous_2)
FNF:3
FNH:3
FNDA:12,(anonymous_0)
FNDA:3,(anonymous_1)
FNDA:3,(anonymous_2)
DA:1,4
DA:5,12
DA:6,12
DA:9,12
DA:13,3
DA:14,3
DA:15,3
DA:16,3
DA:20,3
DA:25,4
LF:10
LH:10
BRF:0
BRH:0
end_of_record
TN:
SF:pageObjects\CheckOutPage.js
FN:4,(anonymous_0)
FN:14,(anonymous_1)
FN:23,(anonymous_2)
FNF:3
FNH:3
FNDA:12,(anonymous_0)
FNDA:2,(anonymous_1)
FNDA:2,(anonymous_2)
DA:1,4
DA:5,12
DA:6,12
DA:9,12
DA:15,2
DA:16,2
DA:17,2
DA:18,2
DA:24,2
DA:25,2
DA:26,2
DA:30,4
LF:12
LH:12
BRF:0
BRH:0
end_of_record
TN:
SF:pageObjects\CustomerInformationPage.js
FN:4,(anonymous_0)
FN:15,(anonymous_1)
FN:22,(anonymous_2)
FN:26,(anonymous_3)
FN:30,(anonymous_4)
FN:34,(anonymous_5)
FNF:6
FNH:6
FNDA:12,(anonymous_0)
FNDA:3,(anonymous_1)
FNDA:2,(anonymous_2)
FNDA:2,(anonymous_3)
FNDA:2,(anonymous_4)
FNDA:2,(anonymous_5)
DA:1,4
DA:5,12
DA:6,12
DA:9,12
DA:10,12
DA:11,12
DA:12,12
DA:16,3
DA:17,3
DA:18,3
DA:19,3
DA:23,2
DA:27,2
DA:31,2
DA:35,2
DA:39,4
LF:16
LH:16
BRF:0
BRH:0
end_of_record
TN:
SF:pageObjects\HomePage.js
FN:4,(anonymous_0)
FN:10,(anonymous_1)
FN:17,(anonymous_2)
FNF:3
FNH:3
FNDA:12,(anonymous_0)
FNDA:4,(anonymous_1)
FNDA:3,(anonymous_2)
DA:1,4
DA:5,12
DA:6,12
DA:7,12
DA:11,4
DA:12,4
DA:13,4
DA:14,4
DA:18,3
DA:22,4
LF:10
LH:10
BRF:0
BRH:0
end_of_record
TN:
SF:pageObjects\LoginPage.js
FN:3,(anonymous_0)
FN:12,(anonymous_1)
FN:16,(anonymous_2)
FN:20,(anonymous_3)
FN:24,(anonymous_4)
FN:28,(anonymous_5)
FN:32,(anonymous_6)
FNF:7
FNH:7
FNDA:12,(anonymous_0)
FNDA:7,(anonymous_1)
FNDA:6,(anonymous_2)
FNDA:6,(anonymous_3)
FNDA:6,(anonymous_4)
FNDA:6,(anonymous_5)
FNDA:1,(anonymous_6)
DA:1,4
DA:4,12
DA:5,12
DA:6,12
DA:7,12
DA:8,12
DA:9,12
DA:13,7
DA:17,6
DA:21,6
DA:25,6
DA:29,6
DA:33,1
DA:34,1
DA:35,1
DA:36,1
DA:40,4
LF:17
LH:17
BRF:0
BRH:0
end_of_record
TN:
SF:pageObjects\POManager.js
FN:7,(anonymous_0)
FN:16,(anonymous_1)
FN:20,(anonymous_2)
FN:24,(anonymous_3)
FN:28,(anonymous_4)
FN:32,(anonymous_5)
FNF:6
FNH:6
FNDA:12,(anonymous_0)
FNDA:12,(anonymous_1)
FNDA:4,(anonymous_2)
FNDA:3,(anonymous_3)
FNDA:2,(anonymous_4)
FNDA:3,(anonymous_5)
DA:1,4
DA:2,4
DA:3,4
DA:4,4
DA:5,4
DA:8,12
DA:9,12
DA:10,12
DA:11,12
DA:12,12
DA:13,12
DA:17,12
DA:21,4
DA:25,3
DA:29,2
DA:33,3
DA:36,4
LF:17
LH:17
BRF:0
BRH:0
end_of_record
TN:
SF:utils\CommonUIUtilityMethods.js
FN:4,(anonymous_0)
FN:24,(anonymous_1)
FN:28,(anonymous_2)
FN:46,(anonymous_3)
FN:68,(anonymous_4)
FN:91,(anonymous_5)
FNF:6
FNH:6
FNDA:6,(anonymous_0)
FNDA:6,(anonymous_1)
FNDA:4,(anonymous_2)
FNDA:4,(anonymous_3)
FNDA:2,(anonymous_4)
FNDA:2,(anonymous_5)
DA:1,4
DA:5,6
DA:7,6
DA:11,6
DA:15,6
DA:19,6
DA:21,6
DA:25,6
DA:29,4
DA:30,4
DA:31,4
DA:33,4
DA:34,4
DA:35,4
DA:40,4
DA:41,4
DA:47,4
DA:48,4
DA:49,4
DA:51,4
DA:52,4
DA:53,4
DA:58,4
DA:59,0
DA:61,4
DA:63,4
DA:69,2
DA:70,2
DA:71,2
DA:72,2
DA:74,2
DA:76,2
DA:77,2
DA:78,2
DA:79,2
DA:80,2
DA:82,2
DA:83,2
DA:86,2
DA:88,2
DA:92,2
DA:93,2
DA:94,2
DA:95,2
DA:96,2
DA:98,2
DA:102,2
DA:104,2
DA:106,2
DA:110,4
LF:50
LH:49
BRDA:35,0,0,4
BRDA:35,0,1,0
BRDA:53,1,0,4
BRDA:53,1,1,0
BRDA:58,2,0,0
BRDA:58,2,1,4
BRF:6
BRH:3
end_of_record
